# JRE version: Java(TM) SE Runtime Environment (8.0_05-b13) (build 1.8.0_05-b13)
# Java VM: Java HotSpot(TM) 64-Bit Server VM (25.5-b02 mixed mode windows-amd64 compressed oops)
Heap:
 def new generation   total 1152K, used 262K [0x00000000a2400000, 0x00000000a2540000, 0x00000000c1800000)
  eden space 1024K,  18% used [0x00000000a2400000, 0x00000000a242eb88, 0x00000000a2500000)
  from space 128K,  75% used [0x00000000a2500000, 0x00000000a2518230, 0x00000000a2520000)
  to   space 128K,   0% used [0x00000000a2520000, 0x00000000a2520000, 0x00000000a2540000)
 tenured generation   total 523008K, used 54455K [0x00000000c1800000, 0x00000000e16c0000, 0x0000000100000000)
   the space 523008K,  10% used [0x00000000c1800000, 0x00000000c4d2de20, 0x00000000c4d2e000, 0x00000000e16c0000)
 Metaspace       used 13206K, capacity 13548K, committed 13696K, reserved 1060864K
  class space    used 1497K, capacity 1586K, committed 1664K, reserved 1048576K
GC Heap History (10 events):
Event: 5.956 GC heap before
{Heap before GC invocations=593 (full 0):
 def new generation   total 1152K, used 1123K [0x00000000a2400000, 0x00000000a2540000, 0x00000000c1800000)
  eden space 1024K, 100% used [0x00000000a2400000, 0x00000000a2500000, 0x00000000a2500000)
  from space 128K,  77% used [0x00000000a2520000, 0x00000000a2538d98, 0x00000000a2540000)
  to   space 128K,   0% used [0x00000000a2500000, 0x00000000a2500000, 0x00000000a2520000)
 tenured generation   total 523008K, used 53753K [0x00000000c1800000, 0x00000000e16c0000, 0x0000000100000000)
   the space 523008K,  10% used [0x00000000c1800000, 0x00000000c4c7e6f8, 0x00000000c4c7e800, 0x00000000e16c0000)
 Metaspace       used 13206K, capacity 13548K, committed 13696K, reserved 1060864K
  class space    used 1497K, capacity 1586K, committed 1664K, reserved 1048576K
Event: 5.958 GC heap after
Heap after GC invocations=594 (full 0):
 def new generation   total 1152K, used 98K [0x00000000a2400000, 0x00000000a2540000, 0x00000000c1800000)
  eden space 1024K,   0% used [0x00000000a2400000, 0x00000000a2400000, 0x00000000a2500000)
  from space 128K,  77% used [0x00000000a2500000, 0x00000000a2518ab8, 0x00000000a2520000)
  to   space 128K,   0% used [0x00000000a2520000, 0x00000000a2520000, 0x00000000a2540000)
 tenured generation   total 523008K, used 53852K [0x00000000c1800000, 0x00000000e16c0000, 0x0000000100000000)
   the space 523008K,  10% used [0x00000000c1800000, 0x00000000c4c97340, 0x00000000c4c97400, 0x00000000e16c0000)
 Metaspace       used 13206K, capacity 13548K, committed 13696K, reserved 1060864K
  class space    used 1497K, capacity 1586K, committed 1664K, reserved 1048576K
}
Event: 5.962 GC heap before
{Heap before GC invocations=594 (full 0):
 def new generation   total 1152K, used 1122K [0x00000000a2400000, 0x00000000a2540000, 0x00000000c1800000)
  eden space 1024K, 100% used [0x00000000a2400000, 0x00000000a2500000, 0x00000000a2500000)
  from space 128K,  77% used [0x00000000a2500000, 0x00000000a2518ab8, 0x00000000a2520000)
  to   space 128K,   0% used [0x00000000a2520000, 0x00000000a2520000, 0x00000000a2540000)
 tenured generation   total 523008K, used 53852K [0x00000000c1800000, 0x00000000e16c0000, 0x0000000100000000)
   the space 523008K,  10% used [0x00000000c1800000, 0x00000000c4c97340, 0x00000000c4c97400, 0x00000000e16c0000)
 Metaspace       used 13206K, capacity 13548K, committed 13696K, reserved 1060864K
  class space    used 1497K, capacity 1586K, committed 1664K, reserved 1048576K
Event: 5.963 GC heap after
Heap after GC invocations=595 (full 0):
 def new generation   total 1152K, used 104K [0x00000000a2400000, 0x00000000a2540000, 0x00000000c1800000)
  eden space 1024K,   0% used [0x00000000a2400000, 0x00000000a2400000, 0x00000000a2500000)
  from space 128K,  81% used [0x00000000a2520000, 0x00000000a253a138, 0x00000000a2540000)
  to   space 128K,   0% used [0x00000000a2500000, 0x00000000a2500000, 0x00000000a2520000)
 tenured generation   total 523008K, used 53951K [0x00000000c1800000, 0x00000000e16c0000, 0x0000000100000000)
   the space 523008K,  10% used [0x00000000c1800000, 0x00000000c4cafc00, 0x00000000c4cafc00, 0x00000000e16c0000)
 Metaspace       used 13206K, capacity 13548K, committed 13696K, reserved 1060864K
  class space    used 1497K, capacity 1586K, committed 1664K, reserved 1048576K
}
Event: 5.965 GC heap before
{Heap before GC invocations=595 (full 0):
 def new generation   total 1152K, used 1128K [0x00000000a2400000, 0x00000000a2540000, 0x00000000c1800000)
  eden space 1024K, 100% used [0x00000000a2400000, 0x00000000a2500000, 0x00000000a2500000)
  from space 128K,  81% used [0x00000000a2520000, 0x00000000a253a138, 0x00000000a2540000)
  to   space 128K,   0% used [0x00000000a2500000, 0x00000000a2500000, 0x00000000a2520000)
 tenured generation   total 523008K, used 53951K [0x00000000c1800000, 0x00000000e16c0000, 0x0000000100000000)
   the space 523008K,  10% used [0x00000000c1800000, 0x00000000c4cafc00, 0x00000000c4cafc00, 0x00000000e16c0000)
 Metaspace       used 13206K, capacity 13548K, committed 13696K, reserved 1060864K
  class space    used 1497K, capacity 1586K, committed 1664K, reserved 1048576K
Event: 5.966 GC heap after
Heap after GC invocations=596 (full 0):
 def new generation   total 1152K, used 103K [0x00000000a2400000, 0x00000000a2540000, 0x00000000c1800000)
  eden space 1024K,   0% used [0x00000000a2400000, 0x00000000a2400000, 0x00000000a2500000)
  from space 128K,  80% used [0x00000000a2500000, 0x00000000a2519d78, 0x00000000a2520000)
  to   space 128K,   0% used [0x00000000a2520000, 0x00000000a2520000, 0x00000000a2540000)
 tenured generation   total 523008K, used 54055K [0x00000000c1800000, 0x00000000e16c0000, 0x0000000100000000)
   the space 523008K,  10% used [0x00000000c1800000, 0x00000000c4cc9c48, 0x00000000c4cc9e00, 0x00000000e16c0000)
 Metaspace       used 13206K, capacity 13548K, committed 13696K, reserved 1060864K
  class space    used 1497K, capacity 1586K, committed 1664K, reserved 1048576K
}
Event: 5.968 GC heap before
{Heap before GC invocations=596 (full 0):
 def new generation   total 1152K, used 1127K [0x00000000a2400000, 0x00000000a2540000, 0x00000000c1800000)
  eden space 1024K, 100% used [0x00000000a2400000, 0x00000000a2500000, 0x00000000a2500000)
  from space 128K,  80% used [0x00000000a2500000, 0x00000000a2519d78, 0x00000000a2520000)
  to   space 128K,   0% used [0x00000000a2520000, 0x00000000a2520000, 0x00000000a2540000)
 tenured generation   total 523008K, used 54055K [0x00000000c1800000, 0x00000000e16c0000, 0x0000000100000000)
   the space 523008K,  10% used [0x00000000c1800000, 0x00000000c4cc9c48, 0x00000000c4cc9e00, 0x00000000e16c0000)
 Metaspace       used 13206K, capacity 13548K, committed 13696K, reserved 1060864K
  class space    used 1497K, capacity 1586K, committed 1664K, reserved 1048576K
Event: 5.975 GC heap after
Heap after GC invocations=597 (full 0):
 def new generation   total 1152K, used 100K [0x00000000a2400000, 0x00000000a2540000, 0x00000000c1800000)
  eden space 1024K,   0% used [0x00000000a2400000, 0x00000000a2400000, 0x00000000a2500000)
  from space 128K,  78% used [0x00000000a2520000, 0x00000000a2539118, 0x00000000a2540000)
  to   space 128K,   0% used [0x00000000a2500000, 0x00000000a2500000, 0x00000000a2520000)
 tenured generation   total 523008K, used 54158K [0x00000000c1800000, 0x00000000e16c0000, 0x0000000100000000)
   the space 523008K,  10% used [0x00000000c1800000, 0x00000000c4ce3870, 0x00000000c4ce3a00, 0x00000000e16c0000)
 Metaspace       used 13206K, capacity 13548K, committed 13696K, reserved 1060864K
  class space    used 1497K, capacity 1586K, committed 1664K, reserved 1048576K
}
Event: 5.978 GC heap before
{Heap before GC invocations=597 (full 0):
 def new generation   total 1152K, used 1124K [0x00000000a2400000, 0x00000000a2540000, 0x00000000c1800000)
  eden space 1024K, 100% used [0x00000000a2400000, 0x00000000a2500000, 0x00000000a2500000)
  from space 128K,  78% used [0x00000000a2520000, 0x00000000a2539118, 0x00000000a2540000)
  to   space 128K,   0% used [0x00000000a2500000, 0x00000000a2500000, 0x00000000a2520000)
 tenured generation   total 523008K, used 54158K [0x00000000c1800000, 0x00000000e16c0000, 0x0000000100000000)
   the space 523008K,  10% used [0x00000000c1800000, 0x00000000c4ce3870, 0x00000000c4ce3a00, 0x00000000e16c0000)
 Metaspace       used 13206K, capacity 13548K, committed 13696K, reserved 1060864K
  class space    used 1497K, capacity 1586K, committed 1664K, reserved 1048576K
Event: 5.980 GC heap after
Heap after GC invocations=598 (full 0):
 def new generation   total 1152K, used 96K [0x00000000a2400000, 0x00000000a2540000, 0x00000000c1800000)
  eden space 1024K,   0% used [0x00000000a2400000, 0x00000000a2400000, 0x00000000a2500000)
  from space 128K,  75% used [0x00000000a2500000, 0x00000000a2518110, 0x00000000a2520000)
  to   space 128K,   0% used [0x00000000a2520000, 0x00000000a2520000, 0x00000000a2540000)
 tenured generation   total 523008K, used 54258K [0x00000000c1800000, 0x00000000e16c0000, 0x0000000100000000)
   the space 523008K,  10% used [0x00000000c1800000, 0x00000000c4cfc8d8, 0x00000000c4cfca00, 0x00000000e16c0000)
 Metaspace       used 13206K, capacity 13548K, committed 13696K, reserved 1060864K
  class space    used 1497K, capacity 1586K, committed 1664K, reserved 1048576K
}

